0 info it worked if it ends with ok
1 verbose cli [ '/usr/local/bin/node', '/usr/local/bin/npm', 'run', 'test' ]
2 info using npm@3.10.9
3 info using node@v6.2.0
4 verbose run-script [ 'pretest', 'test', 'posttest' ]
5 info lifecycle demo@1.0.0~pretest: demo@1.0.0
6 silly lifecycle demo@1.0.0~pretest: no script for pretest, continuing
7 info lifecycle demo@1.0.0~test: demo@1.0.0
8 verbose lifecycle demo@1.0.0~test: unsafe-perm in lifecycle true
9 verbose lifecycle demo@1.0.0~test: PATH: /usr/local/lib/node_modules/npm/bin/node-gyp-bin:/Users/Bao/Documents/webroot/demo/node_modules/.bin:/usr/bin:/bin:/usr/sbin:/sbin://Users/Bao/Applications/google-cloud-sdk/bin:/usr/local/bin:/usr/bin:/bin:/usr/sbin:/sbin:/opt/X11/bin:/usr/local/git/bin
10 verbose lifecycle demo@1.0.0~test: CWD: /Users/Bao/Documents/webroot/demo
11 silly lifecycle demo@1.0.0~test: Args: [ '-c', 'NODE_ENV=test nodemon --exec \'mocha -R min\'' ]
12 silly lifecycle demo@1.0.0~test: Returned: code: 1  signal: null
13 info lifecycle demo@1.0.0~test: Failed to exec test script
14 verbose stack Error: demo@1.0.0 test: `NODE_ENV=test nodemon --exec 'mocha -R min'`
14 verbose stack Exit status 1
14 verbose stack     at EventEmitter.<anonymous> (/usr/local/lib/node_modules/npm/lib/utils/lifecycle.js:255:16)
14 verbose stack     at emitTwo (events.js:106:13)
14 verbose stack     at EventEmitter.emit (events.js:191:7)
14 verbose stack     at ChildProcess.<anonymous> (/usr/local/lib/node_modules/npm/lib/utils/spawn.js:40:14)
14 verbose stack     at emitTwo (events.js:106:13)
14 verbose stack     at ChildProcess.emit (events.js:191:7)
14 verbose stack     at maybeClose (internal/child_process.js:850:16)
14 verbose stack     at Process.ChildProcess._handle.onexit (internal/child_process.js:215:5)
15 verbose pkgid demo@1.0.0
16 verbose cwd /Users/Bao/Documents/webroot/demo
17 error Darwin 16.5.0
18 error argv "/usr/local/bin/node" "/usr/local/bin/npm" "run" "test"
19 error node v6.2.0
20 error npm  v3.10.9
21 error code ELIFECYCLE
22 error demo@1.0.0 test: `NODE_ENV=test nodemon --exec 'mocha -R min'`
22 error Exit status 1
23 error Failed at the demo@1.0.0 test script 'NODE_ENV=test nodemon --exec 'mocha -R min''.
23 error Make sure you have the latest version of node.js and npm installed.
23 error If you do, this is most likely a problem with the demo package,
23 error not with npm itself.
23 error Tell the author that this fails on your system:
23 error     NODE_ENV=test nodemon --exec 'mocha -R min'
23 error You can get information on how to open an issue for this project with:
23 error     npm bugs demo
23 error Or if that isn't available, you can get their info via:
23 error     npm owner ls demo
23 error There is likely additional logging output above.
24 verbose exit [ 1, true ]
